[LOG] System::create                           : Header version = 1.10.09. Current version = 1.10.09.
[LOG] Manager::init                            : maxchannels = 256 studioflags = 00000006 flags 00000000 extradriverdata 0000000000000000.
[LOG] SystemI::init                            : Initialize version=11009 (97915), maxchannels=256, flags=0x00020000
[LOG] SystemI::setOutputInternal               : Setting output to 'FMOD WASAPI Output'
[LOG] OutputWASAPI::init                       : Mix Format (WAVEFORMATEX): wFormatTag=0xFFFE, nChannels=2, nSamplesPerSec=48000, nAvgBytesPerSec=384000, nBlockAlign=8, wBitsPerSample=32, cbSize=22.
[LOG] OutputWASAPI::init                       : Mix Format (WAVEFORMATEXTENSIBLE): wValidBitsPerSample=32, dwChannelMask=0x00000003, SubFormat=00000003-0000-0010-8000-00AA00389B71.
[LOG] OutputWASAPI::init                       : Output buffer size: 4096 samples, latency: 0.00ms, period: 10.00ms, DSP buffer: 1024 * 4
[LOG] Thread::initThread                       : Init FMOD stream thread. Priority: 2, Stack Size: 65536, Semaphore: No, Sleep Time: 10, Looping: Yes.
[LOG] Thread::initThread                       : Init FMOD mixer thread. Priority: 3, Stack Size: 49152, Semaphore: No, Sleep Time: 0, Looping: Yes.
[LOG] AsyncManager::init                       : manager 000000007D1494A8 isAsync 0 updatePeriod 0.02
[LOG] AsyncManager::init                       : done
[LOG] PlaybackSystem::init                     : 
[LOG] Thread::initThread                       : Init FMOD Studio sample load thread. Priority: 0, Stack Size: 65536, Semaphore: No, Sleep Time: 1, Looping: No.
[LOG] PlaybackSystem::init                     : done
[LOG] Thread::initThread                       : Init FMOD Studio bank load thread. Priority: 0, Stack Size: 65536, Semaphore: No, Sleep Time: 1, Looping: No.
[LOG] Manager::init                            : done.
[LOG] Manager::readBank                        : fileversion = 101, compatVersion = 99 (oldest = 44, newest = 101)
[LOG] SystemI::createSoundInternal             : Create name='', mode=0x02000202
[LOG] SystemI::createSoundInternal             : exinfo->cbsize             = 232
[LOG] SystemI::createSoundInternal             : exinfo->length             = 31343552
[LOG] SystemI::createSoundInternal             : exinfo->fileoffset         = 30208
[LOG] SystemI::createSoundInternal             : exinfo->numsubsounds       = 1
[LOG] SystemI::createSoundInternal             : exinfo->inclusionlist      = 0000000058CEF5FC
[LOG] SystemI::createSoundInternal             : exinfo->inclusionlistnum   = 1
[LOG] SystemI::createSoundInternal             : exinfo->suggestedsoundtype = 5
[LOG] SystemI::createSoundInternal             : exinfo->useropen           = 00007FFE1CD71220
[LOG] SystemI::createSoundInternal             : exinfo->userclose          = 00007FFE1CD711F0
[LOG] SystemI::createSoundInternal             : exinfo->userread           = 00007FFE1CD712F0
[LOG] SystemI::createSoundInternal             : exinfo->userseek           = 00007FFE1CD713B0
[LOG] SystemI::createSoundInternal             : exinfo->fileuserdata       = 000000007C890718
[LOG] SystemI::createSoundInternal             : exinfo->initialseekpostype = 1
[LOG] SystemI::DSPCodecPoolRegister            : register codec pool for pool type 5
[LOG] SystemI::createSoundInternal             : Sample 0/1: name='footsteps-06', format=2, channels=1, frequency=48000, lengthbytes=8512, lengthpcm=43776, pcmblocksize=0, loopstart=0, loopend=0, mode=0x00000000, channelmask=0x00000000, channelorder=0, peakvolume=0.125640.
[LOG] SystemI::createSoundInternal             : Create name='', mode=0x02000202
[LOG] SystemI::createSoundInternal             : exinfo->cbsize             = 232
[LOG] SystemI::createSoundInternal             : exinfo->length             = 31343552
[LOG] SystemI::createSoundInternal             : exinfo->fileoffset         = 30208
[LOG] SystemI::createSoundInternal             : exinfo->numsubsounds       = 1
[LOG] SystemI::createSoundInternal             : exinfo->inclusionlist      = 0000000058CEF5FC
[LOG] SystemI::createSoundInternal             : exinfo->inclusionlistnum   = 1
[LOG] SystemI::createSoundInternal             : exinfo->suggestedsoundtype = 5
[LOG] SystemI::createSoundInternal             : exinfo->useropen           = 00007FFE1CD71220
[LOG] SystemI::createSoundInternal             : exinfo->userclose          = 00007FFE1CD711F0
[LOG] SystemI::createSoundInternal             : exinfo->userread           = 00007FFE1CD712F0
[LOG] SystemI::createSoundInternal             : exinfo->userseek           = 00007FFE1CD713B0
[LOG] SystemI::createSoundInternal             : exinfo->fileuserdata       = 000000007C890718
[LOG] SystemI::createSoundInternal             : exinfo->initialseekpostype = 1
[LOG] SystemI::DSPCodecPoolRegister            : register codec pool for pool type 5
[LOG] SystemI::createSoundInternal             : Sample 0/1: name='footsteps-03', format=2, channels=1, frequency=48000, lengthbytes=8096, lengthpcm=39040, pcmblocksize=0, loopstart=0, loopend=0, mode=0x00000000, channelmask=0x00000000, channelorder=0, peakvolume=0.082524.
[LOG] SystemI::createSoundInternal             : Create name='', mode=0x02000202
[LOG] SystemI::createSoundInternal             : exinfo->cbsize             = 232
[LOG] SystemI::createSoundInternal             : exinfo->length             = 31343552
[LOG] SystemI::createSoundInternal             : exinfo->fileoffset         = 30208
[LOG] SystemI::createSoundInternal             : exinfo->numsubsounds       = 1
[LOG] SystemI::createSoundInternal             : exinfo->inclusionlist      = 0000000058CEF5FC
[LOG] SystemI::createSoundInternal             : exinfo->inclusionlistnum   = 1
[LOG] SystemI::createSoundInternal             : exinfo->suggestedsoundtype = 5
[LOG] SystemI::createSoundInternal             : exinfo->useropen           = 00007FFE1CD71220
[LOG] SystemI::createSoundInternal             : exinfo->userclose          = 00007FFE1CD711F0
[LOG] SystemI::createSoundInternal             : exinfo->userread           = 00007FFE1CD712F0
[LOG] SystemI::createSoundInternal             : exinfo->userseek           = 00007FFE1CD713B0
[LOG] SystemI::createSoundInternal             : exinfo->fileuserdata       = 000000007C890718
[LOG] SystemI::createSoundInternal             : exinfo->initialseekpostype = 1
[LOG] SystemI::DSPCodecPoolRegister            : register codec pool for pool type 5
[LOG] SystemI::createSoundInternal             : Sample 0/1: name='footsteps', format=2, channels=1, frequency=48000, lengthbytes=7104, lengthpcm=37888, pcmblocksize=0, loopstart=0, loopend=0, mode=0x00000000, channelmask=0x00000000, channelorder=0, peakvolume=0.175571.
[LOG] SystemI::createSoundInternal             : Create name='', mode=0x02000202
[LOG] SystemI::createSoundInternal             : exinfo->cbsize             = 232
[LOG] SystemI::createSoundInternal             : exinfo->length             = 31343552
[LOG] SystemI::createSoundInternal             : exinfo->fileoffset         = 30208
[LOG] SystemI::createSoundInternal             : exinfo->numsubsounds       = 1
[LOG] SystemI::createSoundInternal             : exinfo->inclusionlist      = 0000000058CEF5FC
[LOG] SystemI::createSoundInternal             : exinfo->inclusionlistnum   = 1
[LOG] SystemI::createSoundInternal             : exinfo->suggestedsoundtype = 5
[LOG] SystemI::createSoundInternal             : exinfo->useropen           = 00007FFE1CD71220
[LOG] SystemI::createSoundInternal             : exinfo->userclose          = 00007FFE1CD711F0
[LOG] SystemI::createSoundInternal             : exinfo->userread           = 00007FFE1CD712F0
[LOG] SystemI::createSoundInternal             : exinfo->userseek           = 00007FFE1CD713B0
[LOG] SystemI::createSoundInternal             : exinfo->fileuserdata       = 000000007C890718
[LOG] SystemI::createSoundInternal             : exinfo->initialseekpostype = 1
[LOG] SystemI::DSPCodecPoolRegister            : register codec pool for pool type 5
[LOG] SystemI::createSoundInternal             : Sample 0/1: name='footsteps-07', format=2, channels=1, frequency=48000, lengthbytes=8256, lengthpcm=43136, pcmblocksize=0, loopstart=0, loopend=0, mode=0x00000000, channelmask=0x00000000, channelorder=0, peakvolume=0.051676.
[LOG] SystemI::createSoundInternal             : Create name='', mode=0x02000202
[LOG] SystemI::createSoundInternal             : exinfo->cbsize             = 232
[LOG] SystemI::createSoundInternal             : exinfo->length             = 31343552
[LOG] SystemI::createSoundInternal             : exinfo->fileoffset         = 30208
[LOG] SystemI::createSoundInternal             : exinfo->numsubsounds       = 1
[LOG] SystemI::createSoundInternal             : exinfo->inclusionlist      = 0000000058CEF5FC
[LOG] SystemI::createSoundInternal             : exinfo->inclusionlistnum   = 1
[LOG] SystemI::createSoundInternal             : exinfo->suggestedsoundtype = 5
[LOG] SystemI::createSoundInternal             : exinfo->useropen           = 00007FFE1CD71220
[LOG] SystemI::createSoundInternal             : exinfo->userclose          = 00007FFE1CD711F0
[LOG] SystemI::createSoundInternal             : exinfo->userread           = 00007FFE1CD712F0
[LOG] SystemI::createSoundInternal             : exinfo->userseek           = 00007FFE1CD713B0
[LOG] SystemI::createSoundInternal             : exinfo->fileuserdata       = 000000007C890718
[LOG] SystemI::createSoundInternal             : exinfo->initialseekpostype = 1
[LOG] SystemI::DSPCodecPoolRegister            : register codec pool for pool type 5
[LOG] SystemI::createSoundInternal             : Sample 0/1: name='footsteps-08', format=2, channels=1, frequency=48000, lengthbytes=6688, lengthpcm=32768, pcmblocksize=0, loopstart=0, loopend=0, mode=0x00000000, channelmask=0x00000000, channelorder=0, peakvolume=0.057021.
[LOG] SystemI::createSoundInternal             : Create name='', mode=0x02000202
[LOG] SystemI::createSoundInternal             : exinfo->cbsize             = 232
[LOG] SystemI::createSoundInternal             : exinfo->length             = 31343552
[LOG] SystemI::createSoundInternal             : exinfo->fileoffset         = 30208
[LOG] SystemI::createSoundInternal             : exinfo->numsubsounds       = 1
[LOG] SystemI::createSoundInternal             : exinfo->inclusionlist      = 0000000058CEF5FC
[LOG] SystemI::createSoundInternal             : exinfo->inclusionlistnum   = 1
[LOG] SystemI::createSoundInternal             : exinfo->suggestedsoundtype = 5
[LOG] SystemI::createSoundInternal             : exinfo->useropen           = 00007FFE1CD71220
[LOG] SystemI::createSoundInternal             : exinfo->userclose          = 00007FFE1CD711F0
[LOG] SystemI::createSoundInternal             : exinfo->userread           = 00007FFE1CD712F0
[LOG] SystemI::createSoundInternal             : exinfo->userseek           = 00007FFE1CD713B0
[LOG] SystemI::createSoundInternal             : exinfo->fileuserdata       = 000000007C890718
[LOG] SystemI::createSoundInternal             : exinfo->initialseekpostype = 1
[LOG] SystemI::DSPCodecPoolRegister            : register codec pool for pool type 5
[LOG] SystemI::createSoundInternal             : Sample 0/1: name='footsteps-10', format=2, channels=1, frequency=48000, lengthbytes=6400, lengthpcm=31360, pcmblocksize=0, loopstart=0, loopend=0, mode=0x00000000, channelmask=0x00000000, channelorder=0, peakvolume=0.057032.
[LOG] SystemI::createSoundInternal             : Create name='', mode=0x02000202
[LOG] SystemI::createSoundInternal             : exinfo->cbsize             = 232
[LOG] SystemI::createSoundInternal             : exinfo->length             = 31343552
[LOG] SystemI::createSoundInternal             : exinfo->fileoffset         = 30208
[LOG] SystemI::createSoundInternal             : exinfo->numsubsounds       = 1
[LOG] SystemI::createSoundInternal             : exinfo->inclusionlist      = 0000000058CEF5FC
[LOG] SystemI::createSoundInternal             : exinfo->inclusionlistnum   = 1
[LOG] SystemI::createSoundInternal             : exinfo->suggestedsoundtype = 5
[LOG] SystemI::createSoundInternal             : exinfo->useropen           = 00007FFE1CD71220
[LOG] SystemI::createSoundInternal             : exinfo->userclose          = 00007FFE1CD711F0
[LOG] SystemI::createSoundInternal             : exinfo->userread           = 00007FFE1CD712F0
[LOG] SystemI::createSoundInternal             : exinfo->userseek           = 00007FFE1CD713B0
[LOG] SystemI::createSoundInternal             : exinfo->fileuserdata       = 000000007C890718
[LOG] SystemI::createSoundInternal             : exinfo->initialseekpostype = 1
[LOG] SystemI::DSPCodecPoolRegister            : register codec pool for pool type 5
[LOG] SystemI::createSoundInternal             : Sample 0/1: name='footsteps-02', format=2, channels=1, frequency=48000, lengthbytes=7328, lengthpcm=35968, pcmblocksize=0, loopstart=0, loopend=0, mode=0x00000000, channelmask=0x00000000, channelorder=0, peakvolume=0.185210.
[LOG] SystemI::createSoundInternal             : Create name='', mode=0x02000202
[LOG] SystemI::createSoundInternal             : exinfo->cbsize             = 232
[LOG] SystemI::createSoundInternal             : exinfo->length             = 31343552
[LOG] SystemI::createSoundInternal             : exinfo->fileoffset         = 30208
[LOG] SystemI::createSoundInternal             : exinfo->numsubsounds       = 1
[LOG] SystemI::createSoundInternal             : exinfo->inclusionlist      = 0000000058CEF5FC
[LOG] SystemI::createSoundInternal             : exinfo->inclusionlistnum   = 1
[LOG] SystemI::createSoundInternal             : exinfo->suggestedsoundtype = 5
[LOG] SystemI::createSoundInternal             : exinfo->useropen           = 00007FFE1CD71220
[LOG] SystemI::createSoundInternal             : exinfo->userclose          = 00007FFE1CD711F0
[LOG] SystemI::createSoundInternal             : exinfo->userread           = 00007FFE1CD712F0
[LOG] SystemI::createSoundInternal             : exinfo->userseek           = 00007FFE1CD713B0
[LOG] SystemI::createSoundInternal             : exinfo->fileuserdata       = 000000007C890718
[LOG] SystemI::createSoundInternal             : exinfo->initialseekpostype = 1
[LOG] SystemI::DSPCodecPoolRegister            : register codec pool for pool type 5
[LOG] SystemI::createSoundInternal             : Sample 0/1: name='footsteps-01', format=2, channels=1, frequency=48000, lengthbytes=7520, lengthpcm=36224, pcmblocksize=0, loopstart=0, loopend=0, mode=0x00000000, channelmask=0x00000000, channelorder=0, peakvolume=0.251331.
[LOG] SystemI::createSoundInternal             : Create name='', mode=0x02000202
[LOG] SystemI::createSoundInternal             : exinfo->cbsize             = 232
[LOG] SystemI::createSoundInternal             : exinfo->length             = 31343552
[LOG] SystemI::createSoundInternal             : exinfo->fileoffset         = 30208
[LOG] SystemI::createSoundInternal             : exinfo->numsubsounds       = 1
[LOG] SystemI::createSoundInternal             : exinfo->inclusionlist      = 0000000058CEF5FC
[LOG] SystemI::createSoundInternal             : exinfo->inclusionlistnum   = 1
[LOG] SystemI::createSoundInternal             : exinfo->suggestedsoundtype = 5
[LOG] SystemI::createSoundInternal             : exinfo->useropen           = 00007FFE1CD71220
[LOG] SystemI::createSoundInternal             : exinfo->userclose          = 00007FFE1CD711F0
[LOG] SystemI::createSoundInternal             : exinfo->userread           = 00007FFE1CD712F0
[LOG] SystemI::createSoundInternal             : exinfo->userseek           = 00007FFE1CD713B0
[LOG] SystemI::createSoundInternal             : exinfo->fileuserdata       = 000000007C890718
[LOG] SystemI::createSoundInternal             : exinfo->initialseekpostype = 1
[LOG] SystemI::DSPCodecPoolRegister            : register codec pool for pool type 5
[LOG] SystemI::createSoundInternal             : Sample 0/1: name='footsteps-09', format=2, channels=1, frequency=48000, lengthbytes=7488, lengthpcm=35968, pcmblocksize=0, loopstart=0, loopend=0, mode=0x00000000, channelmask=0x00000000, channelorder=0, peakvolume=0.081037.
[LOG] Manager::readBank                        : fileversion = 101, compatVersion = 99 (oldest = 44, newest = 101)
[LOG] Manager::readBank                        : fileversion = 101, compatVersion = 99 (oldest = 44, newest = 101)
[LOG] Manager::readBank                        : fileversion = 101, compatVersion = 99 (oldest = 44, newest = 101)
[LOG] Manager::readBank                        : fileversion = 101, compatVersion = 99 (oldest = 44, newest = 101)
[LOG] Manager::readBank                        : fileversion = 101, compatVersion = 99 (oldest = 44, newest = 101)
[LOG] Manager::readBank                        : fileversion = 101, compatVersion = 99 (oldest = 44, newest = 101)
[LOG] Manager::readBank                        : fileversion = 101, compatVersion = 99 (oldest = 44, newest = 101)
[LOG] Manager::readBank                        : fileversion = 101, compatVersion = 99 (oldest = 44, newest = 101)
[LOG] Manager::readBank                        : fileversion = 101, compatVersion = 99 (oldest = 44, newest = 101)
[LOG] Manager::readBank                        : fileversion = 101, compatVersion = 99 (oldest = 44, newest = 101)
[LOG] Manager::readBank                        : fileversion = 101, compatVersion = 99 (oldest = 44, newest = 101)
[LOG] Manager::readBank                        : fileversion = 101, compatVersion = 99 (oldest = 44, newest = 101)
[LOG] Manager::readBank                        : fileversion = 101, compatVersion = 99 (oldest = 44, newest = 101)
[LOG] Manager::readBank                        : fileversion = 101, compatVersion = 99 (oldest = 44, newest = 101)
[LOG] Manager::readBank                        : fileversion = 101, compatVersion = 99 (oldest = 44, newest = 101)
[LOG] Manager::readBank                        : fileversion = 101, compatVersion = 99 (oldest = 44, newest = 101)
[LOG] Manager::readBank                        : fileversion = 101, compatVersion = 99 (oldest = 44, newest = 101)
[LOG] Manager::readBank                        : fileversion = 101, compatVersion = 99 (oldest = 44, newest = 101)
[LOG] Manager::readBank                        : fileversion = 101, compatVersion = 99 (oldest = 44, newest = 101)
[LOG] Manager::readBank                        : fileversion = 101, compatVersion = 99 (oldest = 44, newest = 101)
[LOG] Manager::readBank                        : fileversion = 101, compatVersion = 99 (oldest = 44, newest = 101)
[LOG] Manager::readBank                        : fileversion = 101, compatVersion = 99 (oldest = 44, newest = 101)
[LOG] SoundI::release                          : POHJA (000000007C5EA378)
[LOG] SoundI::release                          :     POHJA (000000004645CCE8)
[LOG] SoundI::release                          :     POHJA (000000007C5EB2A8)
[LOG] SoundI::release                          :  (000000007CE89B48)
[LOG] SoundI::release                          :     BIRD_FLYBY_DRY (000000004645CB48)
[LOG] SoundI::release                          :  (000000007CE8AC88)
[LOG] SoundI::release                          :     OWL_DRY (000000004645C808)
[LOG] SoundI::release                          :  (0000000073244158)
[LOG] SoundI::release                          :     RAVEN-01_DRY (0000000045ECAD38)
[LOG] SoundI::release                          :  (0000000073243D08)
[LOG] SoundI::release                          :     RAVEN-02_DRY (0000000045EC9678)
[LOG] SoundI::release                          :  (00000000732442C8)
[LOG] SoundI::release                          :     WOLF_DRY (0000000045ECAED8)
[LOG] SoundI::release                          :  (000000000D439EC8)
[LOG] SoundI::release                          :     footsteps-01 (000000007C521D68)
[LOG] SoundI::release                          :  (000000000D439A78)
[LOG] SoundI::release                          :     footsteps-02 (000000007C51F328)
[LOG] SoundI::release                          :  (000000000D438938)
[LOG] SoundI::release                          :     footsteps-03 (000000007C521A28)
[LOG] SoundI::release                          :  (000000007C6160F8)
[LOG] SoundI::release                          :     footsteps-06 (000000007C51FE88)
[LOG] SoundI::release                          :  (000000000D439068)
[LOG] SoundI::release                          :     footsteps-07 (000000007C520848)
[LOG] SoundI::release                          :  (000000000D439628)
[LOG] SoundI::release                          :     footsteps-08 (000000007C51F188)
[LOG] SoundI::release                          :  (000000000D439798)
[LOG] SoundI::release                          :     footsteps-10 (000000007C5209E8)
[LOG] SoundI::release                          :  (000000000D438EF8)
[LOG] SoundI::release                          :     footsteps (000000007C521BC8)
[LOG] SoundI::release                          :  (000000000D439BE8)
[LOG] SoundI::release                          :     footsteps-09 (000000007C5213A8)
[LOG] Thread::callback                         : FMOD Studio update thread finished.
[LOG] Thread::callback                         : FMOD Studio bank load thread finished.
[LOG] Profile::disconnectAll                   : Profiler disconnecting all clients
[LOG] Thread::callback                         : FMOD Studio sample load thread finished.
[LOG] LiveUpdate::release                      : 
[LOG] LiveUpdate::reset                        : Reset connection (reason Disconnected)
[LOG] Thread::callback                         : FMOD stream thread finished.
[LOG] Thread::callback                         : FMOD mixer thread finished.
[LOG] Profile::disconnectAll                   : Profiler disconnecting all clients
[LOG] SystemI::close                           : Closed.
[LOG] Manager::readBank                        : fileversion = 101, compatVersion = 99 (oldest = 44, newest = 101)
[LOG] Manager::readBank                        : fileversion = 101, compatVersion = 99 (oldest = 44, newest = 101)
[LOG] Manager::readBank                        : fileversion = 101, compatVersion = 99 (oldest = 44, newest = 101)
[LOG] Manager::readBank                        : fileversion = 101, compatVersion = 99 (oldest = 44, newest = 101)
[LOG] Manager::readBank                        : fileversion = 101, compatVersion = 99 (oldest = 44, newest = 101)
[LOG] Manager::readBank                        : fileversion = 101, compatVersion = 99 (oldest = 44, newest = 101)
[LOG] PlaybackSystem::acquireMasterBus         : Setting master channel group format to 6
[LOG] Thread::callback                         : FMOD Studio bank load thread finished.
[LOG] Thread::callback                         : FMOD Studio sample load thread finished.
[LOG] LiveUpdate::release                      : 
[LOG] LiveUpdate::reset                        : Reset connection (reason Disconnected)
[LOG] Thread::callback                         : FMOD stream thread finished.
[LOG] Thread::callback                         : FMOD mixer thread finished.
[LOG] SystemI::close                           : Closed.
